2025-01-22 00:03:47,225 - INFO - HTTP Request: POST https://api.apify.com/v2/acts/0FXVyOXXEmdGcV88a/runs "HTTP/1.1 201 Created"
2025-01-22 00:03:48,423 - INFO - HTTP Request: GET https://api.apify.com/v2/actor-runs/scEhoWUZath4tSjft?waitForFinish=999999 "HTTP/1.1 200 OK"
2025-01-22 00:04:00,731 - INFO - HTTP Request: GET https://api.apify.com/v2/datasets/mCnbFd631TBsErbUP/items "HTTP/1.1 200 OK"
2025-01-22 00:04:01,060 - INFO - HTTP Request: POST https://api.apify.com/v2/acts/0FXVyOXXEmdGcV88a/runs "HTTP/1.1 201 Created"
2025-01-22 00:04:02,249 - INFO - HTTP Request: GET https://api.apify.com/v2/actor-runs/3IsP3e9VBwOdSIVQV?waitForFinish=999999 "HTTP/1.1 200 OK"
2025-01-22 00:04:13,335 - INFO - HTTP Request: GET https://api.apify.com/v2/datasets/t2pRqulODRineO45c/items "HTTP/1.1 200 OK"
2025-01-22 00:04:13,687 - INFO - HTTP Request: POST https://api.apify.com/v2/acts/0FXVyOXXEmdGcV88a/runs "HTTP/1.1 201 Created"
2025-01-22 00:04:14,879 - INFO - HTTP Request: GET https://api.apify.com/v2/actor-runs/3uw2RGW6WeJPHnAnq?waitForFinish=999999 "HTTP/1.1 200 OK"
2025-01-22 00:04:25,485 - INFO - HTTP Request: GET https://api.apify.com/v2/datasets/iCLFcMOELsrFYPoex/items "HTTP/1.1 200 OK"
2025-01-22 00:04:25,893 - INFO - HTTP Request: POST https://api.apify.com/v2/acts/0FXVyOXXEmdGcV88a/runs "HTTP/1.1 201 Created"
2025-01-22 00:04:27,083 - INFO - HTTP Request: GET https://api.apify.com/v2/actor-runs/lt3Qx7uMnuZMJvbf7?waitForFinish=999999 "HTTP/1.1 200 OK"
2025-01-22 00:04:36,517 - INFO - HTTP Request: GET https://api.apify.com/v2/datasets/CNCgkfgMwNGjUdOcc/items "HTTP/1.1 200 OK"
2025-01-22 00:04:36,874 - INFO - HTTP Request: POST https://api.apify.com/v2/acts/0FXVyOXXEmdGcV88a/runs "HTTP/1.1 201 Created"
2025-01-22 00:04:38,067 - INFO - HTTP Request: GET https://api.apify.com/v2/actor-runs/a86MJ1OIxGl0vZc3c?waitForFinish=999999 "HTTP/1.1 200 OK"
2025-01-22 00:04:50,590 - INFO - HTTP Request: GET https://api.apify.com/v2/datasets/5jX65BkncPcmZEm6H/items "HTTP/1.1 200 OK"
2025-01-22 00:04:51,007 - INFO - HTTP Request: POST https://api.apify.com/v2/acts/0FXVyOXXEmdGcV88a/runs "HTTP/1.1 201 Created"
2025-01-22 00:04:52,205 - INFO - HTTP Request: GET https://api.apify.com/v2/actor-runs/lHbTF32U7KupYMmDe?waitForFinish=999999 "HTTP/1.1 200 OK"
2025-01-22 00:05:05,969 - INFO - HTTP Request: GET https://api.apify.com/v2/datasets/WgUrqKOOiYXwqhn84/items "HTTP/1.1 200 OK"
2025-01-22 00:05:06,297 - INFO - HTTP Request: POST https://api.apify.com/v2/acts/0FXVyOXXEmdGcV88a/runs "HTTP/1.1 201 Created"
2025-01-22 00:05:07,487 - INFO - HTTP Request: GET https://api.apify.com/v2/actor-runs/duJrHlgJgqKiU4AGv?waitForFinish=999999 "HTTP/1.1 200 OK"
2025-01-22 00:05:16,947 - INFO - HTTP Request: GET https://api.apify.com/v2/datasets/xCudfV2y6jV2AChu4/items "HTTP/1.1 200 OK"
2025-01-22 00:05:17,301 - INFO - HTTP Request: POST https://api.apify.com/v2/acts/0FXVyOXXEmdGcV88a/runs "HTTP/1.1 201 Created"
2025-01-22 00:05:18,490 - INFO - HTTP Request: GET https://api.apify.com/v2/actor-runs/KQ9GWMYt3EVG6TPiO?waitForFinish=999999 "HTTP/1.1 200 OK"
2025-01-22 00:05:27,024 - INFO - HTTP Request: GET https://api.apify.com/v2/datasets/frdXTZhJzUPeCDM6e/items "HTTP/1.1 200 OK"
2025-01-22 00:05:27,385 - INFO - HTTP Request: POST https://api.apify.com/v2/acts/0FXVyOXXEmdGcV88a/runs "HTTP/1.1 201 Created"
2025-01-22 00:05:28,582 - INFO - HTTP Request: GET https://api.apify.com/v2/actor-runs/OiJG6w47ZGQmWGunw?waitForFinish=999999 "HTTP/1.1 200 OK"
2025-01-22 00:05:37,556 - INFO - HTTP Request: GET https://api.apify.com/v2/datasets/Wy0CyUgiMVizmgI1Q/items "HTTP/1.1 200 OK"
2025-01-22 00:05:37,976 - INFO - HTTP Request: POST https://api.apify.com/v2/acts/0FXVyOXXEmdGcV88a/runs "HTTP/1.1 201 Created"
2025-01-22 00:05:39,167 - INFO - HTTP Request: GET https://api.apify.com/v2/actor-runs/fbOK4Z0GiKpG1MByR?waitForFinish=999999 "HTTP/1.1 200 OK"
2025-01-22 00:05:45,926 - INFO - HTTP Request: GET https://api.apify.com/v2/datasets/FQPYD07auSHuoudcP/items "HTTP/1.1 200 OK"
2025-01-22 00:05:46,067 - INFO - Datos guardados correctamente en Datos_TikTok.xlsx
2025-01-22 00:18:26,613 - INFO - HTTP Request: POST https://api.apify.com/v2/acts/0FXVyOXXEmdGcV88a/runs "HTTP/1.1 201 Created"
2025-01-22 00:18:27,794 - INFO - HTTP Request: GET https://api.apify.com/v2/actor-runs/pmMcCOlxa2Y9pEarM?waitForFinish=999999 "HTTP/1.1 200 OK"
2025-01-22 00:18:39,962 - INFO - HTTP Request: GET https://api.apify.com/v2/datasets/CmxsTUeXNBNtlAhNX/items "HTTP/1.1 200 OK"
2025-01-22 00:18:40,446 - INFO - HTTP Request: POST https://api.apify.com/v2/acts/0FXVyOXXEmdGcV88a/runs "HTTP/1.1 201 Created"
2025-01-22 00:18:41,614 - INFO - HTTP Request: GET https://api.apify.com/v2/actor-runs/I7APic97Sn3AAkcjY?waitForFinish=999999 "HTTP/1.1 200 OK"
2025-01-22 00:18:54,465 - INFO - HTTP Request: GET https://api.apify.com/v2/datasets/rRqvKFiq2dKtmoMGs/items "HTTP/1.1 200 OK"
2025-01-22 00:18:55,006 - INFO - HTTP Request: POST https://api.apify.com/v2/acts/0FXVyOXXEmdGcV88a/runs "HTTP/1.1 201 Created"
2025-01-22 00:18:56,176 - INFO - HTTP Request: GET https://api.apify.com/v2/actor-runs/YHcHGd6zrbmPGQr60?waitForFinish=999999 "HTTP/1.1 200 OK"
2025-01-22 00:19:11,668 - INFO - HTTP Request: GET https://api.apify.com/v2/datasets/ADgCgTwSgcoLIaWvJ/items "HTTP/1.1 200 OK"
2025-01-22 00:19:11,996 - INFO - HTTP Request: POST https://api.apify.com/v2/acts/0FXVyOXXEmdGcV88a/runs "HTTP/1.1 201 Created"
2025-01-22 00:19:13,166 - INFO - HTTP Request: GET https://api.apify.com/v2/actor-runs/l5ClTHgfxeMDJ6cf4?waitForFinish=999999 "HTTP/1.1 200 OK"
2025-01-22 00:19:26,060 - INFO - HTTP Request: GET https://api.apify.com/v2/datasets/dYJZX2PXgDXhzBE2g/items "HTTP/1.1 200 OK"
2025-01-22 00:19:26,420 - INFO - HTTP Request: POST https://api.apify.com/v2/acts/0FXVyOXXEmdGcV88a/runs "HTTP/1.1 201 Created"
2025-01-22 00:19:27,594 - INFO - HTTP Request: GET https://api.apify.com/v2/actor-runs/I8dlgjoPLKp1KDV7e?waitForFinish=999999 "HTTP/1.1 200 OK"
2025-01-22 00:19:36,094 - INFO - HTTP Request: GET https://api.apify.com/v2/datasets/MCqseMdpSHz6gjpZD/items "HTTP/1.1 200 OK"
2025-01-22 00:19:36,407 - INFO - HTTP Request: POST https://api.apify.com/v2/acts/0FXVyOXXEmdGcV88a/runs "HTTP/1.1 201 Created"
2025-01-22 00:19:37,573 - INFO - HTTP Request: GET https://api.apify.com/v2/actor-runs/wY3solmNiwVqQmMnn?waitForFinish=999999 "HTTP/1.1 200 OK"
2025-01-22 00:19:52,410 - INFO - HTTP Request: GET https://api.apify.com/v2/datasets/n4hFvVDUdMBbsc3QX/items "HTTP/1.1 200 OK"
2025-01-22 00:19:52,763 - INFO - HTTP Request: POST https://api.apify.com/v2/acts/0FXVyOXXEmdGcV88a/runs "HTTP/1.1 201 Created"
2025-01-22 00:19:53,948 - INFO - HTTP Request: GET https://api.apify.com/v2/actor-runs/XwktQAQyws877I4SU?waitForFinish=999999 "HTTP/1.1 200 OK"
2025-01-22 00:20:07,614 - INFO - HTTP Request: GET https://api.apify.com/v2/datasets/XMPiEvmvbKSE4fuFk/items "HTTP/1.1 200 OK"
2025-01-22 00:20:07,980 - INFO - HTTP Request: POST https://api.apify.com/v2/acts/0FXVyOXXEmdGcV88a/runs "HTTP/1.1 201 Created"
2025-01-22 00:20:09,154 - INFO - HTTP Request: GET https://api.apify.com/v2/actor-runs/8rNcUVKlJsjoahyln?waitForFinish=999999 "HTTP/1.1 200 OK"
2025-01-22 00:20:23,083 - INFO - HTTP Request: GET https://api.apify.com/v2/datasets/ndutynIUUhfgEF3ro/items "HTTP/1.1 200 OK"
2025-01-22 00:20:23,364 - INFO - HTTP Request: POST https://api.apify.com/v2/acts/0FXVyOXXEmdGcV88a/runs "HTTP/1.1 201 Created"
2025-01-22 00:20:24,530 - INFO - HTTP Request: GET https://api.apify.com/v2/actor-runs/eexZt4M0xGd4ewNUK?waitForFinish=999999 "HTTP/1.1 200 OK"
2025-01-22 00:21:02,846 - INFO - HTTP Request: GET https://api.apify.com/v2/datasets/bxKax6CIauaJ32Z1T/items "HTTP/1.1 200 OK"
2025-01-22 00:21:03,151 - INFO - HTTP Request: POST https://api.apify.com/v2/acts/0FXVyOXXEmdGcV88a/runs "HTTP/1.1 201 Created"
2025-01-22 00:21:04,322 - INFO - HTTP Request: GET https://api.apify.com/v2/actor-runs/EeGFAVDNTkgJebJST?waitForFinish=999999 "HTTP/1.1 200 OK"
2025-01-22 00:21:34,373 - INFO - HTTP Request: GET https://api.apify.com/v2/datasets/BVp7xyCsPodFvt677/items "HTTP/1.1 200 OK"
2025-01-22 00:21:34,540 - INFO - Datos guardados correctamente en Datos_TikTok.xlsx
